d:\skola\bakalářka\na pokusy\btree_test\debug\vc140.pdb
d:\skola\bakalářka\na pokusy\btree_test\debug\cspacedescriptor.obj
d:\skola\bakalářka\na pokusy\btree_test\debug\cmbrsidesizeorder.obj
d:\skola\bakalářka\na pokusy\btree_test\debug\chntuple.obj
d:\skola\bakalářka\na pokusy\btree_test\debug\cdtdescriptor.obj
d:\skola\bakalářka\na pokusy\btree_test\debug\cbitstring.obj
d:\skola\bakalářka\na pokusy\btree_test\debug\cbasictype.obj
d:\skola\bakalářka\na pokusy\btree_test\debug\cuniversalcoderfixedlength.obj
d:\skola\bakalářka\na pokusy\btree_test\debug\cuniversalcoderfibonacci3.obj
d:\skola\bakalářka\na pokusy\btree_test\debug\cuniversalcoderfibonacci2.obj
d:\skola\bakalářka\na pokusy\btree_test\debug\cuniversalcoderfastfibonacci3.obj
d:\skola\bakalářka\na pokusy\btree_test\debug\cuniversalcoderfastfibonacci2.obj
d:\skola\bakalářka\na pokusy\btree_test\debug\cuniversalcoderfasteliasfibonacci.obj
d:\skola\bakalářka\na pokusy\btree_test\debug\cuniversalcoderfasteliasdelta.obj
d:\skola\bakalářka\na pokusy\btree_test\debug\cuniversalcodereliasfibonacci.obj
d:\skola\bakalářka\na pokusy\btree_test\debug\cuniversalcodereliasdelta.obj
d:\skola\bakalářka\na pokusy\btree_test\debug\coder.obj
d:\skola\bakalářka\na pokusy\btree_test\debug\ccodercommon.obj
d:\skola\bakalářka\na pokusy\btree_test\debug\cfastbitarray.obj
d:\skola\bakalářka\na pokusy\btree_test\debug\ccommon.obj
d:\skola\bakalářka\na pokusy\btree_test\debug\cbitarray.obj
d:\skola\bakalářka\na pokusy\btree_test\debug\cfilestream.obj
d:\skola\bakalářka\na pokusy\btree_test\debug\tdatagenerator.obj
d:\skola\bakalářka\na pokusy\btree_test\debug\cuniformrandomgenerator.obj
d:\skola\bakalářka\na pokusy\btree_test\debug\cstring.obj
d:\skola\bakalářka\na pokusy\btree_test\debug\cnumber.obj
d:\skola\bakalářka\na pokusy\btree_test\debug\cmemory.obj
d:\skola\bakalářka\na pokusy\btree_test\debug\cdatatype.obj
d:\skola\bakalářka\na pokusy\btree_test\debug\ccharstream.obj
d:\skola\bakalářka\na pokusy\btree_test\debug\cgaussrandomgenerator.obj
d:\skola\bakalářka\na pokusy\btree_test\debug\meteredsection.obj
d:\skola\bakalářka\na pokusy\btree_test\debug\cstack2.obj
d:\skola\bakalářka\na pokusy\btree_test\debug\cstack.obj
d:\skola\bakalářka\na pokusy\btree_test\debug\cmemorymanager.obj
d:\skola\bakalářka\na pokusy\btree_test\debug\cmemoryblock.obj
d:\skola\bakalářka\na pokusy\btree_test\debug\clist.obj
d:\skola\bakalářka\na pokusy\btree_test\debug\cheapmemoryblock.obj
d:\skola\bakalářka\na pokusy\btree_test\debug\cblocklinkedlist.obj
d:\skola\bakalářka\na pokusy\btree_test\debug\carray2.obj
d:\skola\bakalářka\na pokusy\btree_test\debug\carray.obj
d:\skola\bakalářka\na pokusy\btree_test\debug\ctuple.obj
d:\skola\bakalářka\na pokusy\btree_test\debug\test_multirangequery.obj
d:\skola\bakalářka\na pokusy\btree_test\debug\crangequerycontext.obj
d:\skola\bakalářka\na pokusy\btree_test\debug\crangequeryconfig.obj
d:\skola\bakalářka\na pokusy\btree_test\debug\cqueryprocstat.obj
d:\skola\bakalářka\na pokusy\btree_test\debug\ctreenodeheader.obj
d:\skola\bakalářka\na pokusy\btree_test\debug\ctreeheader.obj
d:\skola\bakalářka\na pokusy\btree_test\debug\cquickdb.obj
d:\skola\bakalářka\na pokusy\btree_test\debug\cquerystatistics.obj
d:\skola\bakalářka\na pokusy\btree_test\debug\cnodeheader.obj
d:\skola\bakalářka\na pokusy\btree_test\debug\cnodecache.obj
d:\skola\bakalářka\na pokusy\btree_test\debug\cnode.obj
d:\skola\bakalářka\na pokusy\btree_test\debug\ccachestatistics.obj
d:\skola\bakalářka\na pokusy\btree_test\debug\cmemorypool.obj
d:\skola\bakalářka\na pokusy\btree_test\debug\cdstructheader.obj
d:\skola\bakalářka\na pokusy\btree_test\debug\cbucketheaderstorage.obj
d:\skola\bakalářka\na pokusy\btree_test\debug\cbucketheader.obj
d:\skola\bakalářka\na pokusy\btree_test\debug\ctimer.obj
d:\skola\bakalářka\na pokusy\btree_test\debug\chistogram.obj
d:\skola\bakalářka\na pokusy\btree_test\debug\ccounter.obj
d:\skola\bakalářka\na pokusy\btree_test\debug\test.obj
d:\skola\bakalářka\na pokusy\btree_test\debug\btree.ilk
d:\skola\bakalářka\na pokusy\btree_test\debug\btree.exe
d:\skola\bakalářka\na pokusy\btree_test\debug\btree.pdb
d:\skola\bakalářka\na pokusy\btree_test\debug\btree.tlog\cl.command.1.tlog
d:\skola\bakalářka\na pokusy\btree_test\debug\btree.tlog\cl.read.1.tlog
d:\skola\bakalářka\na pokusy\btree_test\debug\btree.tlog\cl.write.1.tlog
d:\skola\bakalářka\na pokusy\btree_test\debug\btree.tlog\link.command.1.tlog
d:\skola\bakalářka\na pokusy\btree_test\debug\btree.tlog\link.read.1.tlog
d:\skola\bakalářka\na pokusy\btree_test\debug\btree.tlog\link.write.1.tlog
