d:\skola\bakalářka\na pokusy\btree_test\release\vc140.pdb
d:\skola\bakalářka\na pokusy\btree_test\release\cspacedescriptor.obj
d:\skola\bakalářka\na pokusy\btree_test\release\cmbrsidesizeorder.obj
d:\skola\bakalářka\na pokusy\btree_test\release\chntuple.obj
d:\skola\bakalářka\na pokusy\btree_test\release\cdtdescriptor.obj
d:\skola\bakalářka\na pokusy\btree_test\release\cbitstring.obj
d:\skola\bakalářka\na pokusy\btree_test\release\cbasictype.obj
d:\skola\bakalářka\na pokusy\btree_test\release\cuniversalcoderfixedlength.obj
d:\skola\bakalářka\na pokusy\btree_test\release\cuniversalcoderfibonacci3.obj
d:\skola\bakalářka\na pokusy\btree_test\release\cuniversalcoderfibonacci2.obj
d:\skola\bakalářka\na pokusy\btree_test\release\cuniversalcoderfastfibonacci3.obj
d:\skola\bakalářka\na pokusy\btree_test\release\cuniversalcoderfastfibonacci2.obj
d:\skola\bakalářka\na pokusy\btree_test\release\cuniversalcoderfasteliasfibonacci.obj
d:\skola\bakalářka\na pokusy\btree_test\release\cuniversalcoderfasteliasdelta.obj
d:\skola\bakalářka\na pokusy\btree_test\release\cuniversalcodereliasfibonacci.obj
d:\skola\bakalářka\na pokusy\btree_test\release\cuniversalcodereliasdelta.obj
d:\skola\bakalářka\na pokusy\btree_test\release\coder.obj
d:\skola\bakalářka\na pokusy\btree_test\release\ccodercommon.obj
d:\skola\bakalářka\na pokusy\btree_test\release\cfastbitarray.obj
d:\skola\bakalářka\na pokusy\btree_test\release\ccommon.obj
d:\skola\bakalářka\na pokusy\btree_test\release\cbitarray.obj
d:\skola\bakalářka\na pokusy\btree_test\release\cfilestream.obj
d:\skola\bakalářka\na pokusy\btree_test\release\tdatagenerator.obj
d:\skola\bakalářka\na pokusy\btree_test\release\cuniformrandomgenerator.obj
d:\skola\bakalářka\na pokusy\btree_test\release\cstring.obj
d:\skola\bakalářka\na pokusy\btree_test\release\cnumber.obj
d:\skola\bakalářka\na pokusy\btree_test\release\cmemory.obj
d:\skola\bakalářka\na pokusy\btree_test\release\cdatatype.obj
d:\skola\bakalářka\na pokusy\btree_test\release\ccharstream.obj
d:\skola\bakalářka\na pokusy\btree_test\release\cgaussrandomgenerator.obj
d:\skola\bakalářka\na pokusy\btree_test\release\meteredsection.obj
d:\skola\bakalářka\na pokusy\btree_test\release\cstack2.obj
d:\skola\bakalářka\na pokusy\btree_test\release\cstack.obj
d:\skola\bakalářka\na pokusy\btree_test\release\cmemorymanager.obj
d:\skola\bakalářka\na pokusy\btree_test\release\cmemoryblock.obj
d:\skola\bakalářka\na pokusy\btree_test\release\clist.obj
d:\skola\bakalářka\na pokusy\btree_test\release\cheapmemoryblock.obj
d:\skola\bakalářka\na pokusy\btree_test\release\cblocklinkedlist.obj
d:\skola\bakalářka\na pokusy\btree_test\release\carray2.obj
d:\skola\bakalářka\na pokusy\btree_test\release\carray.obj
d:\skola\bakalářka\na pokusy\btree_test\release\ctuple.obj
d:\skola\bakalářka\na pokusy\btree_test\release\test_multirangequery.obj
d:\skola\bakalářka\na pokusy\btree_test\release\crangequerycontext.obj
d:\skola\bakalářka\na pokusy\btree_test\release\crangequeryconfig.obj
d:\skola\bakalářka\na pokusy\btree_test\release\cqueryprocstat.obj
d:\skola\bakalářka\na pokusy\btree_test\release\ctreenodeheader.obj
d:\skola\bakalářka\na pokusy\btree_test\release\ctreeheader.obj
d:\skola\bakalářka\na pokusy\btree_test\release\cquickdb.obj
d:\skola\bakalářka\na pokusy\btree_test\release\cquerystatistics.obj
d:\skola\bakalářka\na pokusy\btree_test\release\cnodeheader.obj
d:\skola\bakalářka\na pokusy\btree_test\release\cnodecache.obj
d:\skola\bakalářka\na pokusy\btree_test\release\cnode.obj
d:\skola\bakalářka\na pokusy\btree_test\release\ccachestatistics.obj
d:\skola\bakalářka\na pokusy\btree_test\release\cmemorypool.obj
d:\skola\bakalářka\na pokusy\btree_test\release\cdstructheader.obj
d:\skola\bakalářka\na pokusy\btree_test\release\cbucketheaderstorage.obj
d:\skola\bakalářka\na pokusy\btree_test\release\cbucketheader.obj
d:\skola\bakalářka\na pokusy\btree_test\release\ctimer.obj
d:\skola\bakalářka\na pokusy\btree_test\release\chistogram.obj
d:\skola\bakalářka\na pokusy\btree_test\release\ccounter.obj
d:\skola\bakalářka\na pokusy\btree_test\release\test.obj
d:\skola\bakalářka\na pokusy\btree_test\release\btree.exe
d:\skola\bakalářka\na pokusy\btree_test\release\btree.pdb
d:\skola\bakalářka\na pokusy\btree_test\release\btree.tlog\cl.command.1.tlog
d:\skola\bakalářka\na pokusy\btree_test\release\btree.tlog\cl.read.1.tlog
d:\skola\bakalářka\na pokusy\btree_test\release\btree.tlog\cl.write.1.tlog
d:\skola\bakalářka\na pokusy\btree_test\release\btree.tlog\link.command.1.tlog
d:\skola\bakalářka\na pokusy\btree_test\release\btree.tlog\link.read.1.tlog
d:\skola\bakalářka\na pokusy\btree_test\release\btree.tlog\link.write.1.tlog
